-------------------------------------------------------------------------------
Test set: com.xxx.store.service.AddressServiceTests
-------------------------------------------------------------------------------
Tests run: 3, Failures: 0, Errors: 2, Skipped: 0, Time elapsed: 0.063 s <<< FAILURE! - in com.xxx.store.service.AddressServiceTests
delete  Time elapsed: 0.001 s  <<< ERROR!
com.xxx.store.service.exception.AddressNotFoundException: 收货地址不存在
	at com.xxx.store.service.AddressServiceTests.delete(AddressServiceTests.java:29)

setDefault  Time elapsed: 0.007 s  <<< ERROR!
com.xxx.store.service.exception.AddressNotFoundException: 收货地址不存在
	at com.xxx.store.service.AddressServiceTests.setDefault(AddressServiceTests.java:25)

